Determining if the pthread_create exist failed with the following output:
Change Dir: /home/xuxuxu/b/My_notes/OpenCV练习/绘制彩色图像的直方图/build/CMakeFiles/CMakeTmp

Run Build Command:"/usr/bin/make" "cmTC_8f152/fast"
/usr/bin/make -f CMakeFiles/cmTC_8f152.dir/build.make CMakeFiles/cmTC_8f152.dir/build
make[1]: Entering directory '/home/xuxuxu/b/My_notes/OpenCV练习/绘制彩色图像的直方图/build/CMakeFiles/CMakeTmp'
Building C object CMakeFiles/cmTC_8f152.dir/CheckSymbolExists.c.o
/usr/bin/cc    -fPIC    -o CMakeFiles/cmTC_8f152.dir/CheckSymbolExists.c.o   -c /home/xuxuxu/b/My_notes/OpenCV练习/绘制彩色图像的直方图/build/CMakeFiles/CMakeTmp/CheckSymbolExists.c
Linking C executable cmTC_8f152
/usr/bin/cmake -E cmake_link_script CMakeFiles/cmTC_8f152.dir/link.txt --verbose=1
/usr/bin/cc  -fPIC     CMakeFiles/cmTC_8f152.dir/CheckSymbolExists.c.o  -o cmTC_8f152 
CMakeFiles/cmTC_8f152.dir/CheckSymbolExists.c.o：在函数‘main’中：
CheckSymbolExists.c:(.text+0x1b)：对‘pthread_create’未定义的引用
collect2: error: ld returned 1 exit status
CMakeFiles/cmTC_8f152.dir/build.make:97: recipe for target 'cmTC_8f152' failed
make[1]: *** [cmTC_8f152] Error 1
make[1]: Leaving directory '/home/xuxuxu/b/My_notes/OpenCV练习/绘制彩色图像的直方图/build/CMakeFiles/CMakeTmp'
Makefile:126: recipe for target 'cmTC_8f152/fast' failed
make: *** [cmTC_8f152/fast] Error 2

File /home/xuxuxu/b/My_notes/OpenCV练习/绘制彩色图像的直方图/build/CMakeFiles/CMakeTmp/CheckSymbolExists.c:
/* */
#include <pthread.h>

int main(int argc, char** argv)
{
  (void)argv;
#ifndef pthread_create
  return ((int*)(&pthread_create))[argc];
#else
  (void)argc;
  return 0;
#endif
}

Determining if the function pthread_create exists in the pthreads failed with the following output:
Change Dir: /home/xuxuxu/b/My_notes/OpenCV练习/绘制彩色图像的直方图/build/CMakeFiles/CMakeTmp

Run Build Command:"/usr/bin/make" "cmTC_97e58/fast"
/usr/bin/make -f CMakeFiles/cmTC_97e58.dir/build.make CMakeFiles/cmTC_97e58.dir/build
make[1]: Entering directory '/home/xuxuxu/b/My_notes/OpenCV练习/绘制彩色图像的直方图/build/CMakeFiles/CMakeTmp'
Building C object CMakeFiles/cmTC_97e58.dir/CheckFunctionExists.c.o
/usr/bin/cc    -fPIC -DCHECK_FUNCTION_EXISTS=pthread_create   -o CMakeFiles/cmTC_97e58.dir/CheckFunctionExists.c.o   -c /usr/share/cmake-3.5/Modules/CheckFunctionExists.c
Linking C executable cmTC_97e58
/usr/bin/cmake -E cmake_link_script CMakeFiles/cmTC_97e58.dir/link.txt --verbose=1
/usr/bin/cc  -fPIC -DCHECK_FUNCTION_EXISTS=pthread_create    CMakeFiles/cmTC_97e58.dir/CheckFunctionExists.c.o  -o cmTC_97e58 -lpthreads 
/usr/bin/ld: 找不到 -lpthreads
collect2: error: ld returned 1 exit status
CMakeFiles/cmTC_97e58.dir/build.make:97: recipe for target 'cmTC_97e58' failed
make[1]: *** [cmTC_97e58] Error 1
make[1]: Leaving directory '/home/xuxuxu/b/My_notes/OpenCV练习/绘制彩色图像的直方图/build/CMakeFiles/CMakeTmp'
Makefile:126: recipe for target 'cmTC_97e58/fast' failed
make: *** [cmTC_97e58/fast] Error 2


