Determining if the pthread_create exist failed with the following output:
Change Dir: /home/xuxuxu/b/My_notes/OpenCV练习/绘制直方图/build/CMakeFiles/CMakeTmp

Run Build Command:"/usr/bin/make" "cmTC_537ff/fast"
/usr/bin/make -f CMakeFiles/cmTC_537ff.dir/build.make CMakeFiles/cmTC_537ff.dir/build
make[1]: Entering directory '/home/xuxuxu/b/My_notes/OpenCV练习/绘制直方图/build/CMakeFiles/CMakeTmp'
Building C object CMakeFiles/cmTC_537ff.dir/CheckSymbolExists.c.o
/usr/bin/cc    -fPIC    -o CMakeFiles/cmTC_537ff.dir/CheckSymbolExists.c.o   -c /home/xuxuxu/b/My_notes/OpenCV练习/绘制直方图/build/CMakeFiles/CMakeTmp/CheckSymbolExists.c
Linking C executable cmTC_537ff
/usr/bin/cmake -E cmake_link_script CMakeFiles/cmTC_537ff.dir/link.txt --verbose=1
/usr/bin/cc  -fPIC     CMakeFiles/cmTC_537ff.dir/CheckSymbolExists.c.o  -o cmTC_537ff 
CMakeFiles/cmTC_537ff.dir/CheckSymbolExists.c.o：在函数‘main’中：
CheckSymbolExists.c:(.text+0x1b)：对‘pthread_create’未定义的引用
collect2: error: ld returned 1 exit status
CMakeFiles/cmTC_537ff.dir/build.make:97: recipe for target 'cmTC_537ff' failed
make[1]: *** [cmTC_537ff] Error 1
make[1]: Leaving directory '/home/xuxuxu/b/My_notes/OpenCV练习/绘制直方图/build/CMakeFiles/CMakeTmp'
Makefile:126: recipe for target 'cmTC_537ff/fast' failed
make: *** [cmTC_537ff/fast] Error 2

File /home/xuxuxu/b/My_notes/OpenCV练习/绘制直方图/build/CMakeFiles/CMakeTmp/CheckSymbolExists.c:
/* */
#include <pthread.h>

int main(int argc, char** argv)
{
  (void)argv;
#ifndef pthread_create
  return ((int*)(&pthread_create))[argc];
#else
  (void)argc;
  return 0;
#endif
}

Determining if the function pthread_create exists in the pthreads failed with the following output:
Change Dir: /home/xuxuxu/b/My_notes/OpenCV练习/绘制直方图/build/CMakeFiles/CMakeTmp

Run Build Command:"/usr/bin/make" "cmTC_a2be0/fast"
/usr/bin/make -f CMakeFiles/cmTC_a2be0.dir/build.make CMakeFiles/cmTC_a2be0.dir/build
make[1]: Entering directory '/home/xuxuxu/b/My_notes/OpenCV练习/绘制直方图/build/CMakeFiles/CMakeTmp'
Building C object CMakeFiles/cmTC_a2be0.dir/CheckFunctionExists.c.o
/usr/bin/cc    -fPIC -DCHECK_FUNCTION_EXISTS=pthread_create   -o CMakeFiles/cmTC_a2be0.dir/CheckFunctionExists.c.o   -c /usr/share/cmake-3.5/Modules/CheckFunctionExists.c
Linking C executable cmTC_a2be0
/usr/bin/cmake -E cmake_link_script CMakeFiles/cmTC_a2be0.dir/link.txt --verbose=1
/usr/bin/cc  -fPIC -DCHECK_FUNCTION_EXISTS=pthread_create    CMakeFiles/cmTC_a2be0.dir/CheckFunctionExists.c.o  -o cmTC_a2be0 -lpthreads 
/usr/bin/ld: 找不到 -lpthreads
collect2: error: ld returned 1 exit status
CMakeFiles/cmTC_a2be0.dir/build.make:97: recipe for target 'cmTC_a2be0' failed
make[1]: *** [cmTC_a2be0] Error 1
make[1]: Leaving directory '/home/xuxuxu/b/My_notes/OpenCV练习/绘制直方图/build/CMakeFiles/CMakeTmp'
Makefile:126: recipe for target 'cmTC_a2be0/fast' failed
make: *** [cmTC_a2be0/fast] Error 2


